2025-02-06 14:29:39,897 - INFO - Starting ETL process...
2025-02-06 14:29:39,915 - INFO - open_sql_database_connection_and_cursor: new connection starting...
2025-02-06 14:29:39,958 - INFO - open_sql_database_connection_and_cursor: connection ready
2025-02-06 14:29:39,959 - ERROR - create_db_tables: failed to create tables: relation "product_sales" already exists

2025-02-06 14:29:39,960 - ERROR - ETL process failed: relation "product_sales" already exists

2025-02-06 14:33:15,263 - INFO - Starting ETL process...
2025-02-06 14:33:15,284 - INFO - open_sql_database_connection_and_cursor: new connection starting...
2025-02-06 14:33:15,330 - INFO - open_sql_database_connection_and_cursor: connection ready
2025-02-06 14:33:15,333 - ERROR - create_db_tables: failed to create tables: relation "product_sales" already exists

2025-02-06 14:33:15,333 - ERROR - ETL process failed: relation "product_sales" already exists

2025-02-06 14:34:19,171 - INFO - Starting ETL process...
2025-02-06 14:34:19,190 - INFO - open_sql_database_connection_and_cursor: new connection starting...
2025-02-06 14:34:19,233 - INFO - open_sql_database_connection_and_cursor: connection ready
2025-02-06 14:34:19,244 - INFO - create_db_tables: committing changes
2025-02-06 14:34:19,245 - INFO - create_db_tables: done
2025-02-06 14:34:19,399 - INFO - ETL process completed successfully.
2025-02-06 14:37:42,961 - INFO - Starting ETL process...
2025-02-06 14:37:42,981 - INFO - open_sql_database_connection_and_cursor: new connection starting...
2025-02-06 14:37:43,024 - INFO - open_sql_database_connection_and_cursor: connection ready
2025-02-06 14:37:43,026 - ERROR - create_db_tables: failed to create tables: relation "product_sales" already exists

2025-02-06 14:37:43,026 - ERROR - ETL process failed: relation "product_sales" already exists

2025-02-06 15:00:31,947 - INFO - Starting ETL process...
2025-02-06 15:00:31,966 - INFO - open_sql_database_connection_and_cursor: new connection starting...
2025-02-06 15:00:31,967 - ERROR - ETL process failed: invalid integer value "port" for connection option "port"

2025-02-06 15:01:11,933 - INFO - Starting ETL process...
2025-02-06 15:01:11,951 - INFO - open_sql_database_connection_and_cursor: new connection starting...
2025-02-06 15:01:11,952 - ERROR - ETL process failed: invalid integer value "port" for connection option "port"

